<?xml version="1.0" encoding="UTF-8"?>
<!-- Generated by org.testng.reporters.JUnitXMLReporter -->
<testsuite ignored="0" hostname="Kavin" failures="0" tests="4" name="Default test" time="105.318" errors="0" timestamp="2024-05-06T13:59:08 IST">
  <testcase classname="TestCases.TC_01_SelectCountryTest" name="TC_01_SelectCountryTest" time="23.458"/>
  <testcase classname="TestCases.TC_01_SelectCountryTest" name="TC_01_SelectCountryTest" time="26.525"/>
  <testcase classname="TestCases.TC_01_SelectCountryTest" name="TC_01_SelectCountryTest" time="22.148"/>
  <testcase classname="TestCases.TC_01_SelectCountryTest" name="TC_01_SelectCountryTest" time="22.827"/>
</testsuite> <!-- Default test -->
